<test>
<ide-script>OpenCartAdminIDEtest.xml</ide-script>
</test>


